<?xml version="1.0" encoding="UTF-8"?>
<!-- Generated by org.testng.reporters.JUnitReportReporter -->
<testsuite hostname="Namitas-MacBook-Pro.local" failures="0" tests="1" name="Assertion.IfElseValidationTest" time="0.007" errors="0" timestamp="2022-12-30T17:12:22 GMT" skipped="0">
  <testcase classname="Assertion.IfElseValidationTest" name="demo" time="0.007"/>
  <system-out/>
</testsuite> <!-- Assertion.IfElseValidationTest -->
