<?xml version="1.0" encoding="UTF-8"?>
<!-- Generated by org.testng.reporters.JUnitReportReporter -->
<testsuite hostname="Namitas-MacBook-Pro.local" failures="0" tests="1" name="JavaScriptExecutor.ScrollTillElement" time="4.569" errors="0" timestamp="2022-12-19T23:35:29 GMT" skipped="0">
  <testcase classname="JavaScriptExecutor.ScrollTillElement" name="demo" time="4.569"/>
  <system-out/>
</testsuite> <!-- JavaScriptExecutor.ScrollTillElement -->
