<?xml version="1.0" encoding="UTF-8"?>
<!-- Generated by org.testng.reporters.JUnitReportReporter -->
<testsuite hostname="Namitas-MacBook-Pro.local" failures="0" tests="1" name="DistributedParallel.SixthTest" time="0.003" errors="0" timestamp="2022-12-28T17:23:52 GMT" skipped="0">
  <testcase classname="DistributedParallel.SixthTest" name="SixthTest" time="0.003"/>
  <system-out>
    <![CDATA[SixthTest]]>
  </system-out>
</testsuite> <!-- DistributedParallel.SixthTest -->
