<?xml version="1.0" encoding="UTF-8"?>
<!-- Generated by org.testng.reporters.JUnitReportReporter -->
<testsuite hostname="Namitas-MacBook-Pro.local" failures="0" tests="1" name="JavaScriptExecutor.ScrollTillLoaction" time="6.078" errors="0" timestamp="2022-12-19T09:46:57 GMT" skipped="0">
  <testcase classname="JavaScriptExecutor.ScrollTillLoaction" name="demo" time="6.078"/>
  <system-out/>
</testsuite> <!-- JavaScriptExecutor.ScrollTillLoaction -->
