<?xml version="1.0" encoding="UTF-8"?>
<!-- Generated by org.testng.reporters.JUnitReportReporter -->
<testsuite hostname="Namitas-MacBook-Pro.local" failures="0" tests="1" name="JavaScriptExecutor.PassDataAndClickElement" time="23.778" errors="0" timestamp="2022-12-19T22:55:46 GMT" skipped="0">
  <testcase classname="JavaScriptExecutor.PassDataAndClickElement" name="demo" time="23.778"/>
  <system-out/>
</testsuite> <!-- JavaScriptExecutor.PassDataAndClickElement -->
