<?xml version="1.0" encoding="UTF-8"?>
<!-- Generated by org.testng.reporters.JUnitReportReporter -->
<testsuite hostname="Namitas-MacBook-Pro.local" failures="0" tests="6" name="TestNG.PriorityPracticeTest" time="0.009" errors="0" timestamp="2022-12-26T11:10:39 GMT" skipped="0">
  <testcase classname="TestNG.PriorityPracticeTest" name="demo1" time="0.007"/>
  <system-out>
    <![CDATA[demo1]]>
  </system-out>
  <testcase classname="TestNG.PriorityPracticeTest" name="demo5" time="0.000"/>
  <system-out>
    <![CDATA[demo5]]>
  </system-out>
  <testcase classname="TestNG.PriorityPracticeTest" name="demo4" time="0.001"/>
  <system-out>
    <![CDATA[demo4]]>
  </system-out>
  <testcase classname="TestNG.PriorityPracticeTest" name="demo2" time="0.000"/>
  <system-out>
    <![CDATA[demo2]]>
  </system-out>
  <testcase classname="TestNG.PriorityPracticeTest" name="demo6" time="0.000"/>
  <system-out>
    <![CDATA[demo6]]>
  </system-out>
  <testcase classname="TestNG.PriorityPracticeTest" name="demo3" time="0.001"/>
  <system-out>
    <![CDATA[demo3]]>
  </system-out>
</testsuite> <!-- TestNG.PriorityPracticeTest -->
