<?xml version="1.0" encoding="UTF-8"?>
<!-- Generated by org.testng.reporters.JUnitReportReporter -->
<testsuite hostname="Namitas-MacBook-Pro.local" failures="0" tests="3" name="unitRegressionTesting.Practice1" time="0.007" errors="0" timestamp="2022-12-28T17:51:32 GMT" skipped="0">
  <testcase classname="unitRegressionTesting.Practice1" name="practice4" time="0.000"/>
  <system-out>
    <![CDATA[Practice4]]>
  </system-out>
  <testcase classname="unitRegressionTesting.Practice1" name="practice3" time="0.001"/>
  <system-out>
    <![CDATA[Practice3]]>
  </system-out>
  <testcase classname="unitRegressionTesting.Practice1" name="practice1" time="0.006"/>
  <system-out>
    <![CDATA[Practice1]]>
  </system-out>
</testsuite> <!-- unitRegressionTesting.Practice1 -->
