<?xml version="1.0" encoding="UTF-8"?>
<!-- Generated by org.testng.reporters.JUnitReportReporter -->
<testsuite hostname="Namitas-MacBook-Pro.local" failures="0" tests="1" name="Synchronization.CustomWaitPractice" time="8.231" errors="0" timestamp="2022-12-19T09:00:47 GMT" skipped="0">
  <testcase classname="Synchronization.CustomWaitPractice" name="demo" time="8.231"/>
  <system-out/>
</testsuite> <!-- Synchronization.CustomWaitPractice -->
