<?xml version="1.0" encoding="UTF-8"?>
<!-- Generated by org.testng.reporters.JUnitReportReporter -->
<testsuite hostname="Namitas-MacBook-Pro.local" failures="0" tests="3" name="TestNG.dependsonmethodPractice" time="0.009" errors="0" timestamp="2022-12-27T23:03:08 GMT" skipped="0">
  <testcase classname="TestNG.dependsonmethodPractice" name="test3" time="0.001"/>
  <system-out>
    <![CDATA[test3]]>
  </system-out>
  <testcase classname="TestNG.dependsonmethodPractice" name="test2" time="0.001"/>
  <system-out>
    <![CDATA[test2]]>
  </system-out>
  <testcase classname="TestNG.dependsonmethodPractice" name="test1" time="0.007"/>
  <system-out>
    <![CDATA[test1]]>
  </system-out>
</testsuite> <!-- TestNG.dependsonmethodPractice -->
