<?xml version="1.0" encoding="UTF-8"?>
<!-- Generated by org.testng.reporters.JUnitReportReporter -->
<testsuite hostname="Namitas-MacBook-Pro.local" failures="0" tests="1" name="ChromeOptions.RemoveAutomationMsgBar" time="19.345" errors="0" timestamp="2022-12-21T10:53:38 GMT" skipped="0">
  <testcase classname="ChromeOptions.RemoveAutomationMsgBar" name="demo" time="19.345"/>
  <system-out/>
</testsuite> <!-- ChromeOptions.RemoveAutomationMsgBar -->
