<?xml version="1.0" encoding="UTF-8"?>
<!-- Generated by org.testng.reporters.JUnitReportReporter -->
<testsuite hostname="Namitas-MacBook-Pro.local" failures="0" tests="1" name="xmlFile.FirstTest" time="10.711" errors="0" timestamp="2022-12-17T11:17:44 GMT" skipped="0">
  <testcase classname="xmlFile.FirstTest" name="demo" time="10.711"/>
  <system-out/>
</testsuite> <!-- xmlFile.FirstTest -->
