<?xml version="1.0" encoding="UTF-8"?>
<!-- Generated by org.testng.reporters.JUnitReportReporter -->
<testsuite hostname="Namitas-MacBook-Pro.local" failures="0" tests="1" name="groupExecution.ThirdTest" time="0.008" errors="0" timestamp="2023-01-22T15:37:51 GMT" skipped="0">
  <testcase classname="groupExecution.ThirdTest" name="Third2Test" time="0.008"/>
  <system-out>
    <![CDATA[Third2Test]]>
  </system-out>
</testsuite> <!-- groupExecution.ThirdTest -->
