<?xml version="1.0" encoding="UTF-8"?>
<!-- Generated by org.testng.reporters.JUnitReportReporter -->
<testsuite hostname="Namitas-MacBook-Pro.local" failures="0" tests="3" name="groupExecution.FirstTest" time="0.003" errors="0" timestamp="2023-01-22T15:37:51 GMT" skipped="0">
  <testcase classname="groupExecution.FirstTest" name="First3Test" time="0.001"/>
  <system-out>
    <![CDATA[first3Test]]>
  </system-out>
  <testcase classname="groupExecution.FirstTest" name="First2Test" time="0.001"/>
  <system-out>
    <![CDATA[first2Test]]>
  </system-out>
  <testcase classname="groupExecution.FirstTest" name="First1Test" time="0.001"/>
  <system-out>
    <![CDATA[first1Test]]>
  </system-out>
</testsuite> <!-- groupExecution.FirstTest -->
