<?xml version="1.0" encoding="UTF-8"?>
<!-- Generated by org.testng.reporters.JUnitReportReporter -->
<testsuite hostname="Namitas-MacBook-Pro.local" failures="0" tests="1" name="BatchExecution.FirstTest" time="0.007" errors="0" timestamp="2022-12-27T23:11:06 GMT" skipped="0">
  <testcase classname="BatchExecution.FirstTest" name="FirstTest" time="0.007"/>
  <system-out>
    <![CDATA[FirstTest]]>
  </system-out>
</testsuite> <!-- BatchExecution.FirstTest -->
