<?xml version="1.0" encoding="UTF-8"?>
<!-- Generated by org.testng.reporters.JUnitReportReporter -->
<testsuite hostname="Namitas-MacBook-Pro.local" failures="0" tests="2" name="TestNG.SecondTest" time="0.003" errors="0" timestamp="2022-12-26T11:10:19 GMT" skipped="0">
  <testcase classname="TestNG.SecondTest" name="second1Test" time="0.002"/>
  <system-out/>
  <testcase classname="TestNG.SecondTest" name="second2Test" time="0.001"/>
  <system-out/>
</testsuite> <!-- TestNG.SecondTest -->
