<?xml version="1.0" encoding="UTF-8"?>
<!-- Generated by org.testng.reporters.JUnitReportReporter -->
<testsuite hostname="Namitas-MacBook-Pro.local" failures="0" tests="1" name="ChromeOptions.DisableNotification" time="33.278" errors="0" timestamp="2022-12-27T07:24:13 GMT" skipped="0">
  <testcase classname="ChromeOptions.DisableNotification" name="demo" time="33.278"/>
  <system-out/>
</testsuite> <!-- ChromeOptions.DisableNotification -->
