<?xml version="1.0" encoding="UTF-8"?>
<!-- Generated by org.testng.reporters.JUnitReportReporter -->
<testsuite hostname="Namitas-MacBook-Pro.local" failures="0" tests="3" name="CrossBrowserParallel.Test1" time="30.644" errors="0" timestamp="2022-12-28T17:44:31 GMT" skipped="0">
  <testcase classname="CrossBrowserParallel.Test1" name="demo" time="10.198"/>
  <system-out/>
  <testcase classname="CrossBrowserParallel.Test1" name="demo" time="9.485"/>
  <system-out/>
  <testcase classname="CrossBrowserParallel.Test1" name="demo" time="10.961"/>
  <system-out/>
</testsuite> <!-- CrossBrowserParallel.Test1 -->
