<?xml version="1.0" encoding="UTF-8"?>
<!-- Generated by org.testng.reporters.JUnitReportReporter -->
<testsuite hostname="Namitas-MacBook-Pro.local" failures="0" tests="1" name="mavenCMDPractice.mavenCMDparamtersTest" time="7.027" errors="0" timestamp="2023-01-06T08:59:37 GMT" skipped="0">
  <testcase classname="mavenCMDPractice.mavenCMDparamtersTest" name="VtigerLoginTest" time="7.027"/>
  <system-out/>
</testsuite> <!-- mavenCMDPractice.mavenCMDparamtersTest -->
