<?xml version="1.0" encoding="UTF-8"?>
<!-- Generated by org.testng.reporters.JUnitReportReporter -->
<testsuite hostname="Namitas-MacBook-Pro.local" failures="0" tests="1" name="ChromeOptions.HeadlessMode" time="24.748" errors="0" timestamp="2022-12-20T09:49:32 GMT" skipped="0">
  <testcase classname="ChromeOptions.HeadlessMode" name="demo" time="24.748"/>
  <system-out/>
</testsuite> <!-- ChromeOptions.HeadlessMode -->
