<?xml version="1.0" encoding="UTF-8"?>
<!-- Generated by org.testng.reporters.JUnitReportReporter -->
<testsuite hostname="Namitas-MacBook-Pro.local" failures="0" tests="1" name="ChromeOptions.AllowMediaAccess" time="10.000" errors="0" timestamp="2022-12-27T06:55:05 GMT" skipped="0">
  <testcase classname="ChromeOptions.AllowMediaAccess" name="demo" time="10.000"/>
  <system-out/>
</testsuite> <!-- ChromeOptions.AllowMediaAccess -->
