<?xml version="1.0" encoding="UTF-8"?>
<!-- Generated by org.testng.reporters.JUnitReportReporter -->
<testsuite hostname="Namitas-MacBook-Pro.local" failures="0" tests="1" name="listeners.FirstTest" time="0.012" errors="0" timestamp="2023-01-22T15:37:33 GMT" skipped="0">
  <testcase classname="listeners.FirstTest" name="FirstTest" time="0.012"/>
  <system-out>
    <![CDATA[FirstTest]]>
  </system-out>
</testsuite> <!-- listeners.FirstTest -->
