<?xml version="1.0" encoding="UTF-8"?>
<!-- Generated by org.testng.reporters.JUnitReportReporter -->
<testsuite hostname="Namitas-MacBook-Pro.local" failures="0" tests="2" name="groupExecution.SecondTest" time="0.001" errors="0" timestamp="2023-01-22T15:37:51 GMT" skipped="0">
  <testcase classname="groupExecution.SecondTest" name="Second1Test" time="0.000"/>
  <system-out>
    <![CDATA[Second1Test]]>
  </system-out>
  <testcase classname="groupExecution.SecondTest" name="Second2Test" time="0.001"/>
  <system-out>
    <![CDATA[Second2Test]]>
  </system-out>
</testsuite> <!-- groupExecution.SecondTest -->
