<?xml version="1.0" encoding="UTF-8"?>
<!-- Generated by org.testng.reporters.JUnitReportReporter -->
<testsuite hostname="Namitas-MacBook-Pro.local" failures="0" tests="1" name="DistributedParallel.FourthTest" time="0.001" errors="0" timestamp="2022-12-28T17:23:52 GMT" skipped="0">
  <testcase classname="DistributedParallel.FourthTest" name="FourthTest" time="0.001"/>
  <system-out>
    <![CDATA[FourthTest]]>
  </system-out>
</testsuite> <!-- DistributedParallel.FourthTest -->
