<?xml version="1.0" encoding="UTF-8"?>
<!-- Generated by org.testng.reporters.JUnitReportReporter -->
<testsuite hostname="Namitas-MacBook-Pro.local" failures="0" tests="1" name="listners.ListenersPracticeWithAnnotation$ListenerPracticeWithAnnotation" time="0.003" errors="0" timestamp="2022-12-30T18:37:02 GMT" skipped="0">
  <testcase classname="listners.ListenersPracticeWithAnnotation$ListenerPracticeWithAnnotation" name="demo" time="0.003"/>
  <system-out>
    <![CDATA[@Test method]]>
  </system-out>
</testsuite> <!-- listners.ListenersPracticeWithAnnotation$ListenerPracticeWithAnnotation -->
