<?xml version="1.0" encoding="UTF-8"?>
<!-- Generated by org.testng.reporters.JUnitReportReporter -->
<testsuite hostname="Namitas-MacBook-Pro.local" failures="0" tests="1" name="listeners.FifthTest" time="0.002" errors="0" timestamp="2023-01-22T15:37:33 GMT" skipped="0">
  <testcase classname="listeners.FifthTest" name="FifthTest" time="0.002"/>
  <system-out>
    <![CDATA[FifthTest]]>
  </system-out>
</testsuite> <!-- listeners.FifthTest -->
