<?xml version="1.0" encoding="UTF-8"?>
<!-- Generated by org.testng.reporters.JUnitReportReporter -->
<testsuite hostname="Namitas-MacBook-Pro.local" failures="0" tests="2" name="TestNG.FirstTest" time="0.004" errors="0" timestamp="2022-12-26T11:10:19 GMT" skipped="0">
  <testcase classname="TestNG.FirstTest" name="first1Test" time="0.004"/>
  <system-out/>
  <testcase classname="TestNG.FirstTest" name="first2Test" time="0.000"/>
  <system-out/>
</testsuite> <!-- TestNG.FirstTest -->
