<?xml version="1.0" encoding="UTF-8"?>
<!-- Generated by org.testng.reporters.JUnitReportReporter -->
<testsuite hostname="Namitas-MacBook-Pro.local" failures="0" tests="1" name="DistributedParallel.FifthTest" time="0.007" errors="0" timestamp="2022-12-28T17:23:52 GMT" skipped="0">
  <testcase classname="DistributedParallel.FifthTest" name="FifthTest" time="0.007"/>
  <system-out>
    <![CDATA[FifthTest]]>
  </system-out>
</testsuite> <!-- DistributedParallel.FifthTest -->
