<?xml version="1.0" encoding="UTF-8"?>
<!-- Generated by org.testng.reporters.JUnitReportReporter -->
<testsuite hostname="Namitas-MacBook-Pro.local" failures="0" tests="1" name="Synchronization.FluentwaitPractice" time="11.448" errors="0" timestamp="2022-12-17T11:35:24 GMT" skipped="0">
  <testcase classname="Synchronization.FluentwaitPractice" name="demo" time="11.448"/>
  <system-out/>
</testsuite> <!-- Synchronization.FluentwaitPractice -->
