<?xml version="1.0" encoding="UTF-8"?>
<!-- Generated by org.testng.reporters.JUnitReportReporter -->
<testsuite hostname="Namitas-MacBook-Pro.local" failures="0" tests="1" name="SeleniumGrid.Practice1" time="8.584" errors="0" timestamp="2023-01-22T18:57:43 GMT" skipped="0">
  <testcase classname="SeleniumGrid.Practice1" name="demo" time="8.584"/>
  <system-out/>
</testsuite> <!-- SeleniumGrid.Practice1 -->
