<?xml version="1.0" encoding="UTF-8"?>
<!-- Generated by org.testng.reporters.JUnitReportReporter -->
<testsuite hostname="Namitas-MacBook-Pro.local" failures="0" tests="1" name="ChromeOptions.IncognitoMode" time="23.351" errors="0" timestamp="2022-12-20T09:52:00 GMT" skipped="0">
  <testcase classname="ChromeOptions.IncognitoMode" name="demo" time="23.351"/>
  <system-out/>
</testsuite> <!-- ChromeOptions.IncognitoMode -->
