<?xml version="1.0" encoding="UTF-8"?>
<!-- Generated by org.testng.reporters.JUnitReportReporter -->
<testsuite hostname="Namitas-MacBook-Pro.local" failures="0" tests="1" name="BatchExecution.FifthTest" time="0.001" errors="0" timestamp="2022-12-27T23:11:06 GMT" skipped="0">
  <testcase classname="BatchExecution.FifthTest" name="FifthTest" time="0.001"/>
  <system-out>
    <![CDATA[FifthTest]]>
  </system-out>
</testsuite> <!-- BatchExecution.FifthTest -->
