<?xml version="1.0" encoding="UTF-8"?>
<!-- Generated by org.testng.reporters.JUnitReportReporter -->
<testsuite hostname="Namitas-MacBook-Pro.local" failures="0" tests="3" name="TestNG.EnbledPractice" time="0.007" errors="0" timestamp="2022-12-27T23:02:11 GMT" skipped="1">
  <testcase classname="TestNG.EnbledPractice" name="c" time="0.001"/>
  <system-out>
    <![CDATA[test c]]>
  </system-out>
  <testcase classname="TestNG.EnbledPractice" name="a" time="0.006"/>
  <system-out>
    <![CDATA[test a]]>
  </system-out>
  <testcase classname="TestNG.EnbledPractice" name="b">
    <skipped/>
  </testcase> <!-- b -->
  <system-out/>
</testsuite> <!-- TestNG.EnbledPractice -->
