<?xml version="1.0" encoding="UTF-8"?>
<!-- Generated by org.testng.reporters.JUnitReportReporter -->
<testsuite hostname="Namitas-MacBook-Pro.local" failures="0" tests="1" name="debugging.Demo" time="3.470" errors="0" timestamp="2022-12-17T11:11:37 GMT" skipped="0">
  <testcase classname="debugging.Demo" name="demo" time="3.470"/>
  <system-out/>
</testsuite> <!-- debugging.Demo -->
