<?xml version="1.0" encoding="UTF-8"?>
<!-- Generated by org.testng.reporters.JUnitReportReporter -->
<testsuite hostname="Namitas-MacBook-Pro.local" failures="0" tests="4" name="dataProvider.PracticeTest" time="0.008" errors="0" timestamp="2022-12-30T17:29:17 GMT" skipped="0">
  <testcase classname="dataProvider.PracticeTest" name="demo" time="0.001"/>
  <system-out/>
  <testcase classname="dataProvider.PracticeTest" name="demo" time="0.006"/>
  <system-out/>
  <testcase classname="dataProvider.PracticeTest" name="demo" time="0.001"/>
  <system-out/>
  <testcase classname="dataProvider.PracticeTest" name="demo" time="0.000"/>
  <system-out/>
</testsuite> <!-- dataProvider.PracticeTest -->
