<?xml version="1.0" encoding="UTF-8"?>
<!-- Generated by org.testng.reporters.JUnitReportReporter -->
<testsuite hostname="Namitas-MacBook-Pro.local" failures="0" tests="1" name="JavaScriptExecutor.NavigateToApplication" time="5.075" errors="0" timestamp="2022-12-19T09:55:06 GMT" skipped="0">
  <testcase classname="JavaScriptExecutor.NavigateToApplication" name="demo" time="5.075"/>
  <system-out/>
</testsuite> <!-- JavaScriptExecutor.NavigateToApplication -->
