<?xml version="1.0" encoding="UTF-8"?>
<!-- Generated by org.testng.reporters.JUnitReportReporter -->
<testsuite hostname="Namitas-MacBook-Pro.local" failures="0" tests="6" name="TestNG.InvocationPrcatice" time="0.013" errors="0" timestamp="2022-12-27T23:00:21 GMT" skipped="0">
  <testcase classname="TestNG.InvocationPrcatice" name="demo3" time="0.001"/>
  <system-out>
    <![CDATA[Demo3]]>
  </system-out>
  <testcase classname="TestNG.InvocationPrcatice" name="demo1" time="0.001"/>
  <system-out>
    <![CDATA[Demo1]]>
  </system-out>
  <testcase classname="TestNG.InvocationPrcatice" name="demo3" time="0.001"/>
  <system-out>
    <![CDATA[Demo3]]>
  </system-out>
  <testcase classname="TestNG.InvocationPrcatice" name="demo3" time="0.001"/>
  <system-out>
    <![CDATA[Demo3]]>
  </system-out>
  <testcase classname="TestNG.InvocationPrcatice" name="demo1" time="0.008"/>
  <system-out>
    <![CDATA[Demo1]]>
  </system-out>
  <testcase classname="TestNG.InvocationPrcatice" name="demo4" time="0.001"/>
  <system-out>
    <![CDATA[Demo4]]>
  </system-out>
</testsuite> <!-- TestNG.InvocationPrcatice -->
